Using pre-set license
Built from '2021.2/staging' branch; Version is '2021.2.16f1 (559fc0ec6670) revision 5611456'; Using compiler version '192829333'; Build Type 'Release'
OS: 'Windows 10  (10.0.19043) 64bit Core' Language: 'tr' Physical Memory: 16242 MB
BatchMode: 1, IsHumanControllingUs: 0, StartBugReporterOnCrash: 0, Is64bit: 1, IsPro: 1

COMMAND LINE ARGUMENTS:
D:\UnityHub\Unity Hub\2021.2.16f1\Editor\Unity.exe
-adb2
-batchMode
-noUpm
-name
AssetImportWorker2
-projectPath
D:/EndlessRunnerV1/20220321
-logFile
Logs/AssetImportWorker2.log
-srvPort
53055
Successfully changed project path to: D:/EndlessRunnerV1/20220321
D:/EndlessRunnerV1/20220321
[UnityMemory] Configuration Parameters - Can be set up in boot.config
    "memorysetup-bucket-allocator-granularity=16"
    "memorysetup-bucket-allocator-bucket-count=8"
    "memorysetup-bucket-allocator-block-size=33554432"
    "memorysetup-bucket-allocator-block-count=8"
    "memorysetup-main-allocator-block-size=16777216"
    "memorysetup-thread-allocator-block-size=16777216"
    "memorysetup-gfx-main-allocator-block-size=16777216"
    "memorysetup-gfx-thread-allocator-block-size=16777216"
    "memorysetup-cache-allocator-block-size=4194304"
    "memorysetup-typetree-allocator-block-size=2097152"
    "memorysetup-profiler-bucket-allocator-granularity=16"
    "memorysetup-profiler-bucket-allocator-bucket-count=8"
    "memorysetup-profiler-bucket-allocator-block-size=33554432"
    "memorysetup-profiler-bucket-allocator-block-count=8"
    "memorysetup-profiler-allocator-block-size=16777216"
    "memorysetup-profiler-editor-allocator-block-size=1048576"
    "memorysetup-temp-allocator-size-main=16777216"
    "memorysetup-job-temp-allocator-block-size=2097152"
    "memorysetup-job-temp-allocator-block-size-background=1048576"
    "memorysetup-job-temp-allocator-reduction-small-platforms=262144"
    "memorysetup-temp-allocator-size-background-worker=32768"
    "memorysetup-temp-allocator-size-job-worker=262144"
    "memorysetup-temp-allocator-size-preload-manager=33554432"
    "memorysetup-temp-allocator-size-nav-mesh-worker=65536"
    "memorysetup-temp-allocator-size-audio-worker=65536"
    "memorysetup-temp-allocator-size-cloud-worker=32768"
    "memorysetup-temp-allocator-size-gi-baking-worker=262144"
    "memorysetup-temp-allocator-size-gfx=262144"
Refreshing native plugins compatible for Editor in 164.04 ms, found 3 plugins.
Preloading 0 native plugins for Editor in 0.00 ms.
Initialize engine version: 2021.2.16f1 (559fc0ec6670)
[Subsystems] Discovering subsystems at path D:/UnityHub/Unity Hub/2021.2.16f1/Editor/Data/Resources/UnitySubsystems
[Subsystems] Discovering subsystems at path D:/EndlessRunnerV1/20220321/Assets
GfxDevice: creating device client; threaded=0; jobified=0
Direct3D:
    Version:  Direct3D 11.0 [level 11.1]
    Renderer: NVIDIA GeForce GTX 1070 (ID=0x1be1)
    Vendor:   NVIDIA
    VRAM:     8081 MB
    Driver:   27.21.14.5671
Initialize mono
Mono path[0] = 'D:/UnityHub/Unity Hub/2021.2.16f1/Editor/Data/Managed'
Mono path[1] = 'D:/UnityHub/Unity Hub/2021.2.16f1/Editor/Data/MonoBleedingEdge/lib/mono/unityjit-win32'
Mono config path = 'D:/UnityHub/Unity Hub/2021.2.16f1/Editor/Data/MonoBleedingEdge/etc'
Using monoOptions --debugger-agent=transport=dt_socket,embedding=1,server=y,suspend=n,address=127.0.0.1:56436
Begin MonoManager ReloadAssembly
Registering precompiled unity dll's ...
Register platform support module: D:/UnityHub/Unity Hub/2021.2.16f1/Editor/Data/PlaybackEngines/WebGLSupport/UnityEditor.WebGL.Extensions.dll
Register platform support module: D:/UnityHub/Unity Hub/2021.2.16f1/Editor/Data/PlaybackEngines/AndroidPlayer/UnityEditor.Android.Extensions.dll
Register platform support module: D:/UnityHub/Unity Hub/2021.2.16f1/Editor/Data/PlaybackEngines/WindowsStandaloneSupport/UnityEditor.WindowsStandalone.Extensions.dll
Registered in 0.010589 seconds.
Native extension for WindowsStandalone target not found
Native extension for Android target not found
Native extension for WebGL target not found
Refreshing native plugins compatible for Editor in 164.47 ms, found 3 plugins.
Preloading 0 native plugins for Editor in 0.00 ms.
Mono: successfully reloaded assembly
- Completed reload, in  1.586 seconds
Domain Reload Profiling:
	ReloadAssembly (1587ms)
		BeginReloadAssembly (167ms)
			ExecutionOrderSort (0ms)
			DisableScriptedObjects (0ms)
			BackupInstance (0ms)
			ReleaseScriptingObjects (0ms)
			CreateAndSetChildDomain (2ms)
		EndReloadAssembly (1134ms)
			LoadAssemblies (164ms)
			RebuildTransferFunctionScriptingTraits (0ms)
			SetupTypeCache (244ms)
			ReleaseScriptCaches (0ms)
			RebuildScriptCaches (63ms)
			SetupLoadedEditorAssemblies (709ms)
				LogAssemblyErrors (0ms)
				InitializePlatformSupportModulesInManaged (124ms)
				SetLoadedEditorAssemblies (0ms)
				RefreshPlugins (165ms)
				BeforeProcessingInitializeOnLoad (3ms)
				ProcessInitializeOnLoadAttributes (297ms)
				ProcessInitializeOnLoadMethodAttributes (120ms)
				AfterProcessingInitializeOnLoad (0ms)
				EditorAssembliesLoaded (0ms)
			ExecutionOrderSort2 (0ms)
			AwakeInstancesAfterBackupRestoration (0ms)
Platform modules already initialized, skipping
Registering precompiled user dll's ...
Registered in 0.009990 seconds.
Begin MonoManager ReloadAssembly
Symbol file LoadedFromMemory doesn't match image D:\EndlessRunnerV1\20220321\Library\PackageCache\com.unity.visualscripting@1.7.6\Editor\VisualScripting.Core\Dependencies\YamlDotNet\Unity.VisualScripting.YamlDotNet.dll
Symbol file LoadedFromMemory doesn't match image D:\EndlessRunnerV1\20220321\Library\PackageCache\com.unity.visualscripting@1.7.6\Editor\VisualScripting.Core\Dependencies\DotNetZip\Unity.VisualScripting.IonicZip.dll
Native extension for WindowsStandalone target not found
Native extension for Android target not found
Native extension for WebGL target not found
Refreshing native plugins compatible for Editor in 1.27 ms, found 3 plugins.
Preloading 0 native plugins for Editor in 0.00 ms.
Mono: successfully reloaded assembly
- Completed reload, in  2.460 seconds
Domain Reload Profiling:
	ReloadAssembly (2462ms)
		BeginReloadAssembly (453ms)
			ExecutionOrderSort (0ms)
			DisableScriptedObjects (18ms)
			BackupInstance (0ms)
			ReleaseScriptingObjects (0ms)
			CreateAndSetChildDomain (170ms)
		EndReloadAssembly (1738ms)
			LoadAssemblies (207ms)
			RebuildTransferFunctionScriptingTraits (0ms)
			SetupTypeCache (603ms)
			ReleaseScriptCaches (1ms)
			RebuildScriptCaches (110ms)
			SetupLoadedEditorAssemblies (748ms)
				LogAssemblyErrors (0ms)
				InitializePlatformSupportModulesInManaged (28ms)
				SetLoadedEditorAssemblies (1ms)
				RefreshPlugins (1ms)
				BeforeProcessingInitializeOnLoad (159ms)
				ProcessInitializeOnLoadAttributes (495ms)
				ProcessInitializeOnLoadMethodAttributes (56ms)
				AfterProcessingInitializeOnLoad (7ms)
				EditorAssembliesLoaded (0ms)
			ExecutionOrderSort2 (0ms)
			AwakeInstancesAfterBackupRestoration (23ms)
Platform modules already initialized, skipping
========================================================================
Worker process is ready to serve import requests
Launched and connected shader compiler UnityShaderCompiler.exe after 0.25 seconds
Refreshing native plugins compatible for Editor in 1.38 ms, found 3 plugins.
Preloading 0 native plugins for Editor in 0.00 ms.
Unloading 3120 Unused Serialized files (Serialized files now loaded: 0)
Unloading 22 unused Assets / (48.0 KB). Loaded Objects now: 3589.
Memory consumption went from 108.7 MB to 108.7 MB.
Total: 9.071300 ms (FindLiveObjects: 0.434200 ms CreateObjectMapping: 0.314800 ms MarkObjects: 8.196500 ms  DeleteObjects: 0.123900 ms)

AssetImportParameters requested are different than current active one (requested -> active):
  custom:video-decoder-ogg-theora: a1e56fd34408186e4bbccfd4996cb3dc -> 
  custom:container-muxer-webm: aa71ff27fc2769a1b78a27578f13a17b -> 
  custom:container-demuxer-webm: 4f35f7cbe854078d1ac9338744f61a02 -> 
  custom:video-encoder-webm-vp8: eb34c28f22e8b96e1ab97ce403110664 -> 
  custom:video-codec-MediaFoundation-h265: 746d11721c4dcdbdad8f713fa42b33f4 -> 
  custom:audio-encoder-webm-vorbis: bf7c407c2cedff20999df2af8eb42d56 -> 
  custom:framework-win-MediaFoundation: 216162199b28c13a410421893ffa2e32 -> 
  custom:container-demuxer-ogg: 62fdf1f143b41e24485cea50d1cbac27 -> 
  custom:video-decoder-webm-vp8: 9c59270c3fd7afecdb556c50c9e8de78 -> 
  custom:audio-decoder-ogg-vorbis: bf7c407c2cedff20999df2af8eb42d56 -> 
========================================================================
Received Import Request.
  Time since last request: 17745.648595 seconds.
  path: Assets/9548dsdsds946.png
  artifactKey: Guid(7ae6b5c2fc2c1e04698d33e15061a709) Importer(815301076,1909f56bfc062723c751e8b465ee728b)
Start importing Assets/9548dsdsds946.png using Guid(7ae6b5c2fc2c1e04698d33e15061a709) Importer(815301076,1909f56bfc062723c751e8b465ee728b)  -> (artifact id: '113806ea45fbdf76b8734faaf0bc9a7a') in 0.352178 seconds 
========================================================================
Received Import Request.
  Time since last request: 1.166458 seconds.
  path: Assets/NightLight.lighting
  artifactKey: Guid(c11dedd0b54278e46b93f3a4f10e999c) Importer(815301076,1909f56bfc062723c751e8b465ee728b)
Start importing Assets/NightLight.lighting using Guid(c11dedd0b54278e46b93f3a4f10e999c) Importer(815301076,1909f56bfc062723c751e8b465ee728b)  -> (artifact id: 'a1e63ae1e4c9c9f77522a1744484b744') in 0.025478 seconds 
========================================================================
Received Import Request.
  Time since last request: 79.107203 seconds.
  path: Assets/FarlandSkies/Skyboxes/CloudyCrown_03_Midnight/CloudyCrown_Midnight.mat
  artifactKey: Guid(ceb0a3ed2cb53a94fa21843cc958c52b) Importer(815301076,1909f56bfc062723c751e8b465ee728b)
Start importing Assets/FarlandSkies/Skyboxes/CloudyCrown_03_Midnight/CloudyCrown_Midnight.mat using Guid(ceb0a3ed2cb53a94fa21843cc958c52b) Importer(815301076,1909f56bfc062723c751e8b465ee728b)  -> (artifact id: '15ea858fc531e810fb9bd0b189bd4eae') in 0.188538 seconds 
========================================================================
Received Import Request.
  Time since last request: 1.613841 seconds.
  path: Assets/FarlandSkies/Skyboxes/CloudyCrown_02_Evening/CloudyCrown_Evening.mat
  artifactKey: Guid(77715b8b6b248994891d3ccad1ad330b) Importer(815301076,1909f56bfc062723c751e8b465ee728b)
Start importing Assets/FarlandSkies/Skyboxes/CloudyCrown_02_Evening/CloudyCrown_Evening.mat using Guid(77715b8b6b248994891d3ccad1ad330b) Importer(815301076,1909f56bfc062723c751e8b465ee728b)  -> (artifact id: '38d857575b4703ef9cfe0d697db00d99') in 0.785247 seconds 
========================================================================
Received Import Request.
  Time since last request: 0.000037 seconds.
  path: Assets/Hovl Studio/Procedural fire/Materials/FireSphere2.mat
  artifactKey: Guid(2e69c8c236ea65447a07e24d8cbed40b) Importer(815301076,1909f56bfc062723c751e8b465ee728b)
Start importing Assets/Hovl Studio/Procedural fire/Materials/FireSphere2.mat using Guid(2e69c8c236ea65447a07e24d8cbed40b) Importer(815301076,1909f56bfc062723c751e8b465ee728b)  -> (artifact id: 'ed0eb2b3516217cbe65d3ef8f1c760c6') in 0.031252 seconds 
========================================================================
Received Import Request.
  Time since last request: 0.000047 seconds.
  path: Assets/FarlandSkies/Skyboxes/CloudyCrown_04_Sunset/CloudyCrown_Sunset.mat
  artifactKey: Guid(169a1b8f06c17c84e8de491f2bfef986) Importer(815301076,1909f56bfc062723c751e8b465ee728b)
Start importing Assets/FarlandSkies/Skyboxes/CloudyCrown_04_Sunset/CloudyCrown_Sunset.mat using Guid(169a1b8f06c17c84e8de491f2bfef986) Importer(815301076,1909f56bfc062723c751e8b465ee728b)  -> (artifact id: '2bea086e94a9b18375ad2cf528fcc3fb') in 0.959008 seconds 
========================================================================
Received Import Request.
  Time since last request: 0.000036 seconds.
  path: Assets/STYLIZED - FREE Drift Car/Materials/Rear_Lights_Material.mat
  artifactKey: Guid(4a98cfae850de544680dc222604c30a4) Importer(815301076,1909f56bfc062723c751e8b465ee728b)
Start importing Assets/STYLIZED - FREE Drift Car/Materials/Rear_Lights_Material.mat using Guid(4a98cfae850de544680dc222604c30a4) Importer(815301076,1909f56bfc062723c751e8b465ee728b)  -> (artifact id: '3b5610385cdf8e333fc030a2ec26ab1c') in 0.030910 seconds 
========================================================================
Received Import Request.
  Time since last request: 0.286783 seconds.
  path: Assets/FarlandSkies/Skyboxes/CloudyCrown_05_Daybreak/CloudyCrown_Daybreak.mat
  artifactKey: Guid(3930fc89a28b29746bde6a2389a513e0) Importer(815301076,1909f56bfc062723c751e8b465ee728b)
Start importing Assets/FarlandSkies/Skyboxes/CloudyCrown_05_Daybreak/CloudyCrown_Daybreak.mat using Guid(3930fc89a28b29746bde6a2389a513e0) Importer(815301076,1909f56bfc062723c751e8b465ee728b)  -> (artifact id: '65dc2a23f9645e2418e07ba8f874d238') in 0.411264 seconds 
========================================================================
Received Import Request.
  Time since last request: 21.606443 seconds.
  path: Assets/Hovl Studio/Procedural fire/Materials/SparkSphere.mat
  artifactKey: Guid(20e729147a4dad247abfc2305c3dd963) Importer(815301076,1909f56bfc062723c751e8b465ee728b)
Start importing Assets/Hovl Studio/Procedural fire/Materials/SparkSphere.mat using Guid(20e729147a4dad247abfc2305c3dd963) Importer(815301076,1909f56bfc062723c751e8b465ee728b)  -> (artifact id: '4ca7f3b3f4e9aa1d16f99976d7a50960') in 0.061513 seconds 
========================================================================
Received Import Request.
  Time since last request: 94.895126 seconds.
  path: Assets/FarlandSkies/Skyboxes/CloudyCrown_03_Midnight/New Scene.unity
  artifactKey: Guid(b63b05952cd1d5b4c9d7197650ecc2cd) Importer(815301076,1909f56bfc062723c751e8b465ee728b)
Start importing Assets/FarlandSkies/Skyboxes/CloudyCrown_03_Midnight/New Scene.unity using Guid(b63b05952cd1d5b4c9d7197650ecc2cd) Importer(815301076,1909f56bfc062723c751e8b465ee728b)  -> (artifact id: '6dcac7d8fc31e1d08be5418a7d060eaf') in 0.006214 seconds 
========================================================================
Received Import Request.
  Time since last request: 39.132375 seconds.
  path: Assets/Pandazole_Ultimate_Pack/Pandazole Simple Game Pack/Prefabs/Arrow_01.prefab
  artifactKey: Guid(8f7bce973172b894691d6bf53db9cdcc) Importer(815301076,1909f56bfc062723c751e8b465ee728b)
Start importing Assets/Pandazole_Ultimate_Pack/Pandazole Simple Game Pack/Prefabs/Arrow_01.prefab using Guid(8f7bce973172b894691d6bf53db9cdcc) Importer(815301076,1909f56bfc062723c751e8b465ee728b)  -> (artifact id: '1fba0b17009916f54d394bf7f236e79d') in 0.333345 seconds 
========================================================================
Received Import Request.
  Time since last request: 0.000033 seconds.
  path: Assets/Pandazole_Ultimate_Pack/Pandazole Simple Game Pack/Prefabs/Env_Road_Straight_01.prefab
  artifactKey: Guid(ec173c3a0dd044d49aa76756e6f62837) Importer(815301076,1909f56bfc062723c751e8b465ee728b)
Start importing Assets/Pandazole_Ultimate_Pack/Pandazole Simple Game Pack/Prefabs/Env_Road_Straight_01.prefab using Guid(ec173c3a0dd044d49aa76756e6f62837) Importer(815301076,1909f56bfc062723c751e8b465ee728b)  -> (artifact id: 'c3b106301eff84dfdff33586aa9e4eb0') in 0.019239 seconds 
========================================================================
Received Import Request.
  Time since last request: 0.000047 seconds.
  path: Assets/Pandazole_Ultimate_Pack/Pandazole Simple Game Pack/Prefabs/Env_Motel_01.prefab
  artifactKey: Guid(deaa7bf5c66d02d4387274bea9212f79) Importer(815301076,1909f56bfc062723c751e8b465ee728b)
Start importing Assets/Pandazole_Ultimate_Pack/Pandazole Simple Game Pack/Prefabs/Env_Motel_01.prefab using Guid(deaa7bf5c66d02d4387274bea9212f79) Importer(815301076,1909f56bfc062723c751e8b465ee728b)  -> (artifact id: '9bc4899609399e0871c73c1a81c43571') in 0.020198 seconds 
========================================================================
Received Import Request.
  Time since last request: 0.000033 seconds.
  path: Assets/Pandazole_Ultimate_Pack/Pandazole Simple Game Pack/Prefabs/Food_Egg.prefab
  artifactKey: Guid(fcc36f1d4ce74c7449a72822ff6449e9) Importer(815301076,1909f56bfc062723c751e8b465ee728b)
Start importing Assets/Pandazole_Ultimate_Pack/Pandazole Simple Game Pack/Prefabs/Food_Egg.prefab using Guid(fcc36f1d4ce74c7449a72822ff6449e9) Importer(815301076,1909f56bfc062723c751e8b465ee728b)  -> (artifact id: '71ea6a4a79529ac97e1b2721c51d970d') in 0.077125 seconds 
========================================================================
Received Import Request.
  Time since last request: 0.000043 seconds.
  path: Assets/Pandazole_Ultimate_Pack/Pandazole Simple Game Pack/Prefabs/Env_CommercialBuilding_01.prefab
  artifactKey: Guid(36c588d4d2cea4543a8f06287520992c) Importer(815301076,1909f56bfc062723c751e8b465ee728b)
Start importing Assets/Pandazole_Ultimate_Pack/Pandazole Simple Game Pack/Prefabs/Env_CommercialBuilding_01.prefab using Guid(36c588d4d2cea4543a8f06287520992c) Importer(815301076,1909f56bfc062723c751e8b465ee728b)  -> (artifact id: 'cbac7deafc684ec0f018e15d672b65ec') in 0.020316 seconds 
========================================================================
Received Import Request.
  Time since last request: 0.000039 seconds.
  path: Assets/Pandazole_Ultimate_Pack/Pandazole Simple Game Pack/Prefabs/Knife_01.prefab
  artifactKey: Guid(695a4b22bfcfffa408b67d4e0a392673) Importer(815301076,1909f56bfc062723c751e8b465ee728b)
Start importing Assets/Pandazole_Ultimate_Pack/Pandazole Simple Game Pack/Prefabs/Knife_01.prefab using Guid(695a4b22bfcfffa408b67d4e0a392673) Importer(815301076,1909f56bfc062723c751e8b465ee728b)  -> (artifact id: '990e8b81754760c0a244c6e387bd4fae') in 0.123350 seconds 
========================================================================
Received Import Request.
  Time since last request: 0.000040 seconds.
  path: Assets/Pandazole_Ultimate_Pack/Pandazole Simple Game Pack/Prefabs/Prop_Carpet_01.prefab
  artifactKey: Guid(9e0ef940f3c18ec4fae5bcbadf9406cb) Importer(815301076,1909f56bfc062723c751e8b465ee728b)
Start importing Assets/Pandazole_Ultimate_Pack/Pandazole Simple Game Pack/Prefabs/Prop_Carpet_01.prefab using Guid(9e0ef940f3c18ec4fae5bcbadf9406cb) Importer(815301076,1909f56bfc062723c751e8b465ee728b)  -> (artifact id: 'a98b4eeccf47f49ee7c3dad921637239') in 0.067215 seconds 
========================================================================
Received Import Request.
  Time since last request: 0.000037 seconds.
  path: Assets/Pandazole_Ultimate_Pack/Pandazole Simple Game Pack/Prefabs/Prop_Paint_01.prefab
  artifactKey: Guid(46e341a6df12c6242944a0a205bd3842) Importer(815301076,1909f56bfc062723c751e8b465ee728b)
Start importing Assets/Pandazole_Ultimate_Pack/Pandazole Simple Game Pack/Prefabs/Prop_Paint_01.prefab using Guid(46e341a6df12c6242944a0a205bd3842) Importer(815301076,1909f56bfc062723c751e8b465ee728b)  -> (artifact id: '53c4d1faa6248d1013e58292c091e038') in 0.099973 seconds 
========================================================================
Received Import Request.
  Time since last request: 0.000034 seconds.
  path: Assets/Pandazole_Ultimate_Pack/Pandazole Simple Game Pack/Prefabs/Prop_RoofWindow_01.prefab
  artifactKey: Guid(24c9aaa998e38474aa4784114ae6dd23) Importer(815301076,1909f56bfc062723c751e8b465ee728b)
Start importing Assets/Pandazole_Ultimate_Pack/Pandazole Simple Game Pack/Prefabs/Prop_RoofWindow_01.prefab using Guid(24c9aaa998e38474aa4784114ae6dd23) Importer(815301076,1909f56bfc062723c751e8b465ee728b)  -> (artifact id: '96bc2b61adde674019c42f6857c08880') in 0.140522 seconds 
========================================================================
Received Import Request.
  Time since last request: 0.000047 seconds.
  path: Assets/Pandazole_Ultimate_Pack/Pandazole Simple Game Pack/Prefabs/Prop_StreetSign_TrafficSignals.prefab
  artifactKey: Guid(8fe53d3db716d404f9334e341dffd96a) Importer(815301076,1909f56bfc062723c751e8b465ee728b)
Start importing Assets/Pandazole_Ultimate_Pack/Pandazole Simple Game Pack/Prefabs/Prop_StreetSign_TrafficSignals.prefab using Guid(8fe53d3db716d404f9334e341dffd96a) Importer(815301076,1909f56bfc062723c751e8b465ee728b)  -> (artifact id: 'd5f997fc65cd7b2ae73ff44ee951f78c') in 0.180258 seconds 
========================================================================
Received Import Request.
  Time since last request: 0.000030 seconds.
  path: Assets/Pandazole_Ultimate_Pack/Pandazole Simple Game Pack/Prefabs/Prop_TrashCan_01.prefab
  artifactKey: Guid(7d6fdeded9a93564485a33ca31e45583) Importer(815301076,1909f56bfc062723c751e8b465ee728b)
Start importing Assets/Pandazole_Ultimate_Pack/Pandazole Simple Game Pack/Prefabs/Prop_TrashCan_01.prefab using Guid(7d6fdeded9a93564485a33ca31e45583) Importer(815301076,1909f56bfc062723c751e8b465ee728b)  -> (artifact id: '584f90a7b9145c93ff1f62d8749a04fb') in 0.109717 seconds 
========================================================================
Received Import Request.
  Time since last request: 0.000045 seconds.
  path: Assets/Pandazole_Ultimate_Pack/Pandazole Simple Game Pack/Prefabs/SodaCan.prefab
  artifactKey: Guid(54bf41ce18711524195534092b648214) Importer(815301076,1909f56bfc062723c751e8b465ee728b)
Start importing Assets/Pandazole_Ultimate_Pack/Pandazole Simple Game Pack/Prefabs/SodaCan.prefab using Guid(54bf41ce18711524195534092b648214) Importer(815301076,1909f56bfc062723c751e8b465ee728b)  -> (artifact id: '120b50a6167dfd2b8222b4f1eb2432c3') in 0.072607 seconds 
========================================================================
Received Import Request.
  Time since last request: 0.000031 seconds.
  path: Assets/Pandazole_Ultimate_Pack/Pandazole Simple Game Pack/Prefabs/Prop_WallShelf_01.prefab
  artifactKey: Guid(3861c043afe2be543bbce74bc8f6db93) Importer(815301076,1909f56bfc062723c751e8b465ee728b)
Start importing Assets/Pandazole_Ultimate_Pack/Pandazole Simple Game Pack/Prefabs/Prop_WallShelf_01.prefab using Guid(3861c043afe2be543bbce74bc8f6db93) Importer(815301076,1909f56bfc062723c751e8b465ee728b)  -> (artifact id: '9ef85d6287ab18814d675a981152494d') in 0.215946 seconds 
========================================================================
Received Import Request.
  Time since last request: 0.000034 seconds.
  path: Assets/Pandazole_Ultimate_Pack/Pandazole Simple Game Pack/Prefabs/Prop_ModernTV.prefab
  artifactKey: Guid(e6ebbc43f51b43f4bb7907ee6939a686) Importer(815301076,1909f56bfc062723c751e8b465ee728b)
Start importing Assets/Pandazole_Ultimate_Pack/Pandazole Simple Game Pack/Prefabs/Prop_ModernTV.prefab using Guid(e6ebbc43f51b43f4bb7907ee6939a686) Importer(815301076,1909f56bfc062723c751e8b465ee728b)  -> (artifact id: '8a67437a67d0183360006df8199105fc') in 0.100514 seconds 
========================================================================
Received Import Request.
  Time since last request: 0.000058 seconds.
  path: Assets/Pandazole_Ultimate_Pack/Pandazole Simple Game Pack/Prefabs/Bow_01.prefab
  artifactKey: Guid(68137c2112088dd47ad3cb1b2ff2341e) Importer(815301076,1909f56bfc062723c751e8b465ee728b)
Start importing Assets/Pandazole_Ultimate_Pack/Pandazole Simple Game Pack/Prefabs/Bow_01.prefab using Guid(68137c2112088dd47ad3cb1b2ff2341e) Importer(815301076,1909f56bfc062723c751e8b465ee728b)  -> (artifact id: '1a60aff777869639c83a39bc9e600dfa') in 0.078789 seconds 
========================================================================
Received Import Request.
  Time since last request: 0.000051 seconds.
  path: Assets/Pandazole_Ultimate_Pack/Pandazole Simple Game Pack/Prefabs/CannedFood_01.prefab
  artifactKey: Guid(6044f46bd69510d48a796d5fa03e10ad) Importer(815301076,1909f56bfc062723c751e8b465ee728b)
Start importing Assets/Pandazole_Ultimate_Pack/Pandazole Simple Game Pack/Prefabs/CannedFood_01.prefab using Guid(6044f46bd69510d48a796d5fa03e10ad) Importer(815301076,1909f56bfc062723c751e8b465ee728b)  -> (artifact id: 'db82bef649e1d2708f4778e43bd81f1d') in 0.053540 seconds 
========================================================================
Received Import Request.
  Time since last request: 0.000043 seconds.
  path: Assets/Pandazole_Ultimate_Pack/Pandazole Simple Game Pack/Prefabs/Prop_RoofVent_01.prefab
  artifactKey: Guid(f74897866dd9f4f40a8665c68e2a5a30) Importer(815301076,1909f56bfc062723c751e8b465ee728b)
Start importing Assets/Pandazole_Ultimate_Pack/Pandazole Simple Game Pack/Prefabs/Prop_RoofVent_01.prefab using Guid(f74897866dd9f4f40a8665c68e2a5a30) Importer(815301076,1909f56bfc062723c751e8b465ee728b)  -> (artifact id: '76d8f67e3018286af1b19b9c675261a4') in 0.128410 seconds 
========================================================================
Received Import Request.
  Time since last request: 0.000046 seconds.
  path: Assets/Pandazole_Ultimate_Pack/Pandazole Simple Game Pack/Prefabs/Prop_Bush_01.prefab
  artifactKey: Guid(cca12f5afb8ce8548ba635da63757947) Importer(815301076,1909f56bfc062723c751e8b465ee728b)
Start importing Assets/Pandazole_Ultimate_Pack/Pandazole Simple Game Pack/Prefabs/Prop_Bush_01.prefab using Guid(cca12f5afb8ce8548ba635da63757947) Importer(815301076,1909f56bfc062723c751e8b465ee728b)  -> (artifact id: 'f4ed9960c3b577e1b2e89982320179bc') in 0.034540 seconds 
========================================================================
Received Import Request.
  Time since last request: 0.000028 seconds.
  path: Assets/Pandazole_Ultimate_Pack/Pandazole Simple Game Pack/Prefabs/Prop_HomeLamp_01.prefab
  artifactKey: Guid(54347665f552b5947b0c94d664faf2bd) Importer(815301076,1909f56bfc062723c751e8b465ee728b)
Start importing Assets/Pandazole_Ultimate_Pack/Pandazole Simple Game Pack/Prefabs/Prop_HomeLamp_01.prefab using Guid(54347665f552b5947b0c94d664faf2bd) Importer(815301076,1909f56bfc062723c751e8b465ee728b)  -> (artifact id: '6a8816790e0d04bf01405b6f6313e046') in 0.099393 seconds 
========================================================================
Received Import Request.
  Time since last request: 0.000047 seconds.
  path: Assets/Pandazole_Ultimate_Pack/Pandazole Simple Game Pack/Prefabs/Prop_Tree_04.prefab
  artifactKey: Guid(c79d4784e3704994c9e584801bed4dd3) Importer(815301076,1909f56bfc062723c751e8b465ee728b)
Start importing Assets/Pandazole_Ultimate_Pack/Pandazole Simple Game Pack/Prefabs/Prop_Tree_04.prefab using Guid(c79d4784e3704994c9e584801bed4dd3) Importer(815301076,1909f56bfc062723c751e8b465ee728b)  -> (artifact id: '76c57c511d8ed96bebdc970a132ba79d') in 0.028832 seconds 
========================================================================
Received Import Request.
  Time since last request: 0.000045 seconds.
  path: Assets/Pandazole_Ultimate_Pack/Pandazole Simple Game Pack/Prefabs/Env_ResidentBuilding_01.prefab
  artifactKey: Guid(b6d2dcae7c7efd9459d35aefcaef9c80) Importer(815301076,1909f56bfc062723c751e8b465ee728b)
Start importing Assets/Pandazole_Ultimate_Pack/Pandazole Simple Game Pack/Prefabs/Env_ResidentBuilding_01.prefab using Guid(b6d2dcae7c7efd9459d35aefcaef9c80) Importer(815301076,1909f56bfc062723c751e8b465ee728b)  -> (artifact id: '943d07469e5e674871e837e40fac9166') in 0.021445 seconds 
========================================================================
Received Import Request.
  Time since last request: 0.000047 seconds.
  path: Assets/Pandazole_Ultimate_Pack/Pandazole Simple Game Pack/Prefabs/Prop_Table_01.prefab
  artifactKey: Guid(cffef0e54887ac8448c9f65303733eb6) Importer(815301076,1909f56bfc062723c751e8b465ee728b)
Start importing Assets/Pandazole_Ultimate_Pack/Pandazole Simple Game Pack/Prefabs/Prop_Table_01.prefab using Guid(cffef0e54887ac8448c9f65303733eb6) Importer(815301076,1909f56bfc062723c751e8b465ee728b)  -> (artifact id: 'e126aaa0c1093b404fb3873a49432983') in 0.070374 seconds 
Editor requested this worker to shutdown with reason: Scaling down because of idle timeout
AssetImportWorker is now disconnected from the server
Process exiting
Exiting without the bug reporter. Application will terminate with return code 0